2019-07-02 21:35:31.903  INFO 7688 --- [main] io.uetunited.oneheed.OneheedApplication  : Starting OneheedApplication on DESKTOP-AGHULUF with PID 7688 (D:\dev\projects\uetunited\vcare\1heed-back\target\classes started by dungv in D:\dev\projects\uetunited\vcare\1heed-back)
2019-07-02 21:35:31.906  INFO 7688 --- [main] io.uetunited.oneheed.OneheedApplication  : No active profile set, falling back to default profiles: default
2019-07-02 21:35:32.757  INFO 7688 --- [main] .s.d.r.c.RepositoryConfigurationDelegate : Multiple Spring Data modules found, entering strict repository configuration mode!
2019-07-02 21:35:32.759  INFO 7688 --- [main] .s.d.r.c.RepositoryConfigurationDelegate : Bootstrapping Spring Data repositories in DEFAULT mode.
2019-07-02 21:35:32.794  INFO 7688 --- [main] .s.d.r.c.RepositoryConfigurationDelegate : Finished Spring Data repository scanning in 20ms. Found 0 repository interfaces.
2019-07-02 21:35:33.105  INFO 7688 --- [main] trationDelegate$BeanPostProcessorChecker : Bean 'org.springframework.security.config.annotation.configuration.ObjectPostProcessorConfiguration' of type [org.springframework.security.config.annotation.configuration.ObjectPostProcessorConfiguration$$EnhancerBySpringCGLIB$$5b2f556a] is not eligible for getting processed by all BeanPostProcessors (for example: not eligible for auto-proxying)
2019-07-02 21:35:33.112  INFO 7688 --- [main] trationDelegate$BeanPostProcessorChecker : Bean 'objectPostProcessor' of type [org.springframework.security.config.annotation.configuration.AutowireBeanFactoryObjectPostProcessor] is not eligible for getting processed by all BeanPostProcessors (for example: not eligible for auto-proxying)
2019-07-02 21:35:33.115  INFO 7688 --- [main] trationDelegate$BeanPostProcessorChecker : Bean 'org.springframework.security.access.expression.method.DefaultMethodSecurityExpressionHandler@523d6bdb' of type [org.springframework.security.access.expression.method.DefaultMethodSecurityExpressionHandler] is not eligible for getting processed by all BeanPostProcessors (for example: not eligible for auto-proxying)
2019-07-02 21:35:33.116  INFO 7688 --- [main] trationDelegate$BeanPostProcessorChecker : Bean 'org.springframework.security.config.annotation.method.configuration.GlobalMethodSecurityConfiguration' of type [org.springframework.security.config.annotation.method.configuration.GlobalMethodSecurityConfiguration$$EnhancerBySpringCGLIB$$8003f81c] is not eligible for getting processed by all BeanPostProcessors (for example: not eligible for auto-proxying)
2019-07-02 21:35:33.122  INFO 7688 --- [main] trationDelegate$BeanPostProcessorChecker : Bean 'org.springframework.security.config.annotation.method.configuration.Jsr250MetadataSourceConfiguration' of type [org.springframework.security.config.annotation.method.configuration.Jsr250MetadataSourceConfiguration$$EnhancerBySpringCGLIB$$a5591032] is not eligible for getting processed by all BeanPostProcessors (for example: not eligible for auto-proxying)
2019-07-02 21:35:33.124  INFO 7688 --- [main] trationDelegate$BeanPostProcessorChecker : Bean 'jsr250MethodSecurityMetadataSource' of type [org.springframework.security.access.annotation.Jsr250MethodSecurityMetadataSource] is not eligible for getting processed by all BeanPostProcessors (for example: not eligible for auto-proxying)
2019-07-02 21:35:33.125  INFO 7688 --- [main] trationDelegate$BeanPostProcessorChecker : Bean 'methodSecurityMetadataSource' of type [org.springframework.security.access.method.DelegatingMethodSecurityMetadataSource] is not eligible for getting processed by all BeanPostProcessors (for example: not eligible for auto-proxying)
2019-07-02 21:35:33.139  INFO 7688 --- [main] trationDelegate$BeanPostProcessorChecker : Bean 'databaseConfig' of type [io.uetunited.oneheed.config.DatabaseConfig$$EnhancerBySpringCGLIB$$5088c7a3] is not eligible for getting processed by all BeanPostProcessors (for example: not eligible for auto-proxying)
2019-07-02 21:35:33.153  WARN 7688 --- [main] ConfigServletWebServerApplicationContext : Exception encountered during context initialization - cancelling refresh attempt: org.springframework.beans.factory.BeanCreationException: Error creating bean with name 'projectingArgumentResolverBeanPostProcessor' defined in class path resource [org/springframework/data/web/config/ProjectingArgumentResolverRegistrar.class]: BeanPostProcessor before instantiation of bean failed; nested exception is org.springframework.beans.factory.BeanCreationException: Error creating bean with name 'org.springframework.transaction.annotation.ProxyTransactionManagementConfiguration': Initialization of bean failed; nested exception is org.springframework.beans.factory.BeanCreationException: Error creating bean with name 'dataSource' defined in class path resource [io/uetunited/oneheed/config/DatabaseConfig.class]: Bean instantiation via factory method failed; nested exception is org.springframework.beans.BeanInstantiationException: Failed to instantiate [javax.sql.DataSource]: Factory method 'dataSource' threw exception; nested exception is java.lang.NullPointerException
2019-07-02 21:35:33.162  INFO 7688 --- [main] ConditionEvaluationReportLoggingListener : 

Error starting ApplicationContext. To display the conditions report re-run your application with 'debug' enabled.
2019-07-02 21:35:33.174 ERROR 7688 --- [main] o.s.boot.SpringApplication               : Application run failed

org.springframework.beans.factory.BeanCreationException: Error creating bean with name 'projectingArgumentResolverBeanPostProcessor' defined in class path resource [org/springframework/data/web/config/ProjectingArgumentResolverRegistrar.class]: BeanPostProcessor before instantiation of bean failed; nested exception is org.springframework.beans.factory.BeanCreationException: Error creating bean with name 'org.springframework.transaction.annotation.ProxyTransactionManagementConfiguration': Initialization of bean failed; nested exception is org.springframework.beans.factory.BeanCreationException: Error creating bean with name 'dataSource' defined in class path resource [io/uetunited/oneheed/config/DatabaseConfig.class]: Bean instantiation via factory method failed; nested exception is org.springframework.beans.BeanInstantiationException: Failed to instantiate [javax.sql.DataSource]: Factory method 'dataSource' threw exception; nested exception is java.lang.NullPointerException
	at org.springframework.beans.factory.support.AbstractAutowireCapableBeanFactory.createBean(AbstractAutowireCapableBeanFactory.java:510) ~[spring-beans-5.1.8.RELEASE.jar:5.1.8.RELEASE]
	at org.springframework.beans.factory.support.AbstractBeanFactory.lambda$doGetBean$0(AbstractBeanFactory.java:320) ~[spring-beans-5.1.8.RELEASE.jar:5.1.8.RELEASE]
	at org.springframework.beans.factory.support.DefaultSingletonBeanRegistry.getSingleton(DefaultSingletonBeanRegistry.java:222) ~[spring-beans-5.1.8.RELEASE.jar:5.1.8.RELEASE]
	at org.springframework.beans.factory.support.AbstractBeanFactory.doGetBean(AbstractBeanFactory.java:318) ~[spring-beans-5.1.8.RELEASE.jar:5.1.8.RELEASE]
	at org.springframework.beans.factory.support.AbstractBeanFactory.getBean(AbstractBeanFactory.java:204) ~[spring-beans-5.1.8.RELEASE.jar:5.1.8.RELEASE]
	at org.springframework.context.support.PostProcessorRegistrationDelegate.registerBeanPostProcessors(PostProcessorRegistrationDelegate.java:240) ~[spring-context-5.1.8.RELEASE.jar:5.1.8.RELEASE]
	at org.springframework.context.support.AbstractApplicationContext.registerBeanPostProcessors(AbstractApplicationContext.java:721) ~[spring-context-5.1.8.RELEASE.jar:5.1.8.RELEASE]
	at org.springframework.context.support.AbstractApplicationContext.refresh(AbstractApplicationContext.java:534) ~[spring-context-5.1.8.RELEASE.jar:5.1.8.RELEASE]
	at org.springframework.boot.web.servlet.context.ServletWebServerApplicationContext.refresh(ServletWebServerApplicationContext.java:140) ~[spring-boot-2.1.6.RELEASE.jar:2.1.6.RELEASE]
	at org.springframework.boot.SpringApplication.refresh(SpringApplication.java:742) [spring-boot-2.1.6.RELEASE.jar:2.1.6.RELEASE]
	at org.springframework.boot.SpringApplication.refreshContext(SpringApplication.java:389) [spring-boot-2.1.6.RELEASE.jar:2.1.6.RELEASE]
	at org.springframework.boot.SpringApplication.run(SpringApplication.java:311) [spring-boot-2.1.6.RELEASE.jar:2.1.6.RELEASE]
	at org.springframework.boot.SpringApplication.run(SpringApplication.java:1213) [spring-boot-2.1.6.RELEASE.jar:2.1.6.RELEASE]
	at org.springframework.boot.SpringApplication.run(SpringApplication.java:1202) [spring-boot-2.1.6.RELEASE.jar:2.1.6.RELEASE]
	at io.uetunited.oneheed.OneheedApplication.main(OneheedApplication.java:25) [classes/:na]
Caused by: org.springframework.beans.factory.BeanCreationException: Error creating bean with name 'org.springframework.transaction.annotation.ProxyTransactionManagementConfiguration': Initialization of bean failed; nested exception is org.springframework.beans.factory.BeanCreationException: Error creating bean with name 'dataSource' defined in class path resource [io/uetunited/oneheed/config/DatabaseConfig.class]: Bean instantiation via factory method failed; nested exception is org.springframework.beans.BeanInstantiationException: Failed to instantiate [javax.sql.DataSource]: Factory method 'dataSource' threw exception; nested exception is java.lang.NullPointerException
	at org.springframework.beans.factory.support.AbstractAutowireCapableBeanFactory.doCreateBean(AbstractAutowireCapableBeanFactory.java:601) ~[spring-beans-5.1.8.RELEASE.jar:5.1.8.RELEASE]
	at org.springframework.beans.factory.support.AbstractAutowireCapableBeanFactory.createBean(AbstractAutowireCapableBeanFactory.java:515) ~[spring-beans-5.1.8.RELEASE.jar:5.1.8.RELEASE]
	at org.springframework.beans.factory.support.AbstractBeanFactory.lambda$doGetBean$0(AbstractBeanFactory.java:320) ~[spring-beans-5.1.8.RELEASE.jar:5.1.8.RELEASE]
	at org.springframework.beans.factory.support.DefaultSingletonBeanRegistry.getSingleton(DefaultSingletonBeanRegistry.java:222) ~[spring-beans-5.1.8.RELEASE.jar:5.1.8.RELEASE]
	at org.springframework.beans.factory.support.AbstractBeanFactory.doGetBean(AbstractBeanFactory.java:318) ~[spring-beans-5.1.8.RELEASE.jar:5.1.8.RELEASE]
	at org.springframework.beans.factory.support.AbstractBeanFactory.getBean(AbstractBeanFactory.java:199) ~[spring-beans-5.1.8.RELEASE.jar:5.1.8.RELEASE]
	at org.springframework.beans.factory.support.ConstructorResolver.instantiateUsingFactoryMethod(ConstructorResolver.java:392) ~[spring-beans-5.1.8.RELEASE.jar:5.1.8.RELEASE]
	at org.springframework.beans.factory.support.AbstractAutowireCapableBeanFactory.instantiateUsingFactoryMethod(AbstractAutowireCapableBeanFactory.java:1321) ~[spring-beans-5.1.8.RELEASE.jar:5.1.8.RELEASE]
	at org.springframework.beans.factory.support.AbstractAutowireCapableBeanFactory.createBeanInstance(AbstractAutowireCapableBeanFactory.java:1160) ~[spring-beans-5.1.8.RELEASE.jar:5.1.8.RELEASE]
	at org.springframework.beans.factory.support.AbstractAutowireCapableBeanFactory.doCreateBean(AbstractAutowireCapableBeanFactory.java:555) ~[spring-beans-5.1.8.RELEASE.jar:5.1.8.RELEASE]
	at org.springframework.beans.factory.support.AbstractAutowireCapableBeanFactory.createBean(AbstractAutowireCapableBeanFactory.java:515) ~[spring-beans-5.1.8.RELEASE.jar:5.1.8.RELEASE]
	at org.springframework.beans.factory.support.AbstractBeanFactory.lambda$doGetBean$0(AbstractBeanFactory.java:320) ~[spring-beans-5.1.8.RELEASE.jar:5.1.8.RELEASE]
	at org.springframework.beans.factory.support.DefaultSingletonBeanRegistry.getSingleton(DefaultSingletonBeanRegistry.java:222) ~[spring-beans-5.1.8.RELEASE.jar:5.1.8.RELEASE]
	at org.springframework.beans.factory.support.AbstractBeanFactory.doGetBean(AbstractBeanFactory.java:318) ~[spring-beans-5.1.8.RELEASE.jar:5.1.8.RELEASE]
	at org.springframework.beans.factory.support.AbstractBeanFactory.getBean(AbstractBeanFactory.java:204) ~[spring-beans-5.1.8.RELEASE.jar:5.1.8.RELEASE]
	at org.springframework.aop.framework.autoproxy.BeanFactoryAdvisorRetrievalHelper.findAdvisorBeans(BeanFactoryAdvisorRetrievalHelper.java:91) ~[spring-aop-5.1.8.RELEASE.jar:5.1.8.RELEASE]
	at org.springframework.aop.framework.autoproxy.AbstractAdvisorAutoProxyCreator.findCandidateAdvisors(AbstractAdvisorAutoProxyCreator.java:109) ~[spring-aop-5.1.8.RELEASE.jar:5.1.8.RELEASE]
	at org.springframework.aop.aspectj.annotation.AnnotationAwareAspectJAutoProxyCreator.findCandidateAdvisors(AnnotationAwareAspectJAutoProxyCreator.java:92) ~[spring-aop-5.1.8.RELEASE.jar:5.1.8.RELEASE]
	at org.springframework.aop.aspectj.autoproxy.AspectJAwareAdvisorAutoProxyCreator.shouldSkip(AspectJAwareAdvisorAutoProxyCreator.java:101) ~[spring-aop-5.1.8.RELEASE.jar:5.1.8.RELEASE]
	at org.springframework.aop.framework.autoproxy.AbstractAutoProxyCreator.postProcessBeforeInstantiation(AbstractAutoProxyCreator.java:251) ~[spring-aop-5.1.8.RELEASE.jar:5.1.8.RELEASE]
	at org.springframework.beans.factory.support.AbstractAutowireCapableBeanFactory.applyBeanPostProcessorsBeforeInstantiation(AbstractAutowireCapableBeanFactory.java:1124) ~[spring-beans-5.1.8.RELEASE.jar:5.1.8.RELEASE]
	at org.springframework.beans.factory.support.AbstractAutowireCapableBeanFactory.resolveBeforeInstantiation(AbstractAutowireCapableBeanFactory.java:1097) ~[spring-beans-5.1.8.RELEASE.jar:5.1.8.RELEASE]
	at org.springframework.beans.factory.support.AbstractAutowireCapableBeanFactory.createBean(AbstractAutowireCapableBeanFactory.java:504) ~[spring-beans-5.1.8.RELEASE.jar:5.1.8.RELEASE]
	... 14 common frames omitted
Caused by: org.springframework.beans.factory.BeanCreationException: Error creating bean with name 'dataSource' defined in class path resource [io/uetunited/oneheed/config/DatabaseConfig.class]: Bean instantiation via factory method failed; nested exception is org.springframework.beans.BeanInstantiationException: Failed to instantiate [javax.sql.DataSource]: Factory method 'dataSource' threw exception; nested exception is java.lang.NullPointerException
	at org.springframework.beans.factory.support.ConstructorResolver.instantiate(ConstructorResolver.java:627) ~[spring-beans-5.1.8.RELEASE.jar:5.1.8.RELEASE]
	at org.springframework.beans.factory.support.ConstructorResolver.instantiateUsingFactoryMethod(ConstructorResolver.java:456) ~[spring-beans-5.1.8.RELEASE.jar:5.1.8.RELEASE]
	at org.springframework.beans.factory.support.AbstractAutowireCapableBeanFactory.instantiateUsingFactoryMethod(AbstractAutowireCapableBeanFactory.java:1321) ~[spring-beans-5.1.8.RELEASE.jar:5.1.8.RELEASE]
	at org.springframework.beans.factory.support.AbstractAutowireCapableBeanFactory.createBeanInstance(AbstractAutowireCapableBeanFactory.java:1160) ~[spring-beans-5.1.8.RELEASE.jar:5.1.8.RELEASE]
	at org.springframework.beans.factory.support.AbstractAutowireCapableBeanFactory.doCreateBean(AbstractAutowireCapableBeanFactory.java:555) ~[spring-beans-5.1.8.RELEASE.jar:5.1.8.RELEASE]
	at org.springframework.beans.factory.support.AbstractAutowireCapableBeanFactory.createBean(AbstractAutowireCapableBeanFactory.java:515) ~[spring-beans-5.1.8.RELEASE.jar:5.1.8.RELEASE]
	at org.springframework.beans.factory.support.AbstractBeanFactory.lambda$doGetBean$0(AbstractBeanFactory.java:320) ~[spring-beans-5.1.8.RELEASE.jar:5.1.8.RELEASE]
	at org.springframework.beans.factory.support.DefaultSingletonBeanRegistry.getSingleton(DefaultSingletonBeanRegistry.java:222) ~[spring-beans-5.1.8.RELEASE.jar:5.1.8.RELEASE]
	at org.springframework.beans.factory.support.AbstractBeanFactory.doGetBean(AbstractBeanFactory.java:318) ~[spring-beans-5.1.8.RELEASE.jar:5.1.8.RELEASE]
	at org.springframework.beans.factory.support.AbstractBeanFactory.getBean(AbstractBeanFactory.java:199) ~[spring-beans-5.1.8.RELEASE.jar:5.1.8.RELEASE]
	at org.springframework.context.annotation.ConfigurationClassEnhancer$BeanMethodInterceptor.resolveBeanReference(ConfigurationClassEnhancer.java:394) ~[spring-context-5.1.8.RELEASE.jar:5.1.8.RELEASE]
	at org.springframework.context.annotation.ConfigurationClassEnhancer$BeanMethodInterceptor.intercept(ConfigurationClassEnhancer.java:366) ~[spring-context-5.1.8.RELEASE.jar:5.1.8.RELEASE]
	at io.uetunited.oneheed.config.DatabaseConfig$$EnhancerBySpringCGLIB$$5088c7a3.dataSource(<generated>) ~[classes/:na]
	at io.uetunited.oneheed.config.DatabaseConfig.annotationDrivenTransactionManager(DatabaseConfig.java:54) ~[classes/:na]
	at org.springframework.transaction.annotation.AbstractTransactionManagementConfiguration.setConfigurers(AbstractTransactionManagementConfiguration.java:76) ~[spring-tx-5.1.8.RELEASE.jar:5.1.8.RELEASE]
	at sun.reflect.NativeMethodAccessorImpl.invoke0(Native Method) ~[na:1.8.0_201]
	at sun.reflect.NativeMethodAccessorImpl.invoke(NativeMethodAccessorImpl.java:62) ~[na:1.8.0_201]
	at sun.reflect.DelegatingMethodAccessorImpl.invoke(DelegatingMethodAccessorImpl.java:43) ~[na:1.8.0_201]
	at java.lang.reflect.Method.invoke(Method.java:498) ~[na:1.8.0_201]
	at org.springframework.beans.factory.annotation.AutowiredAnnotationBeanPostProcessor$AutowiredMethodElement.inject(AutowiredAnnotationBeanPostProcessor.java:708) ~[spring-beans-5.1.8.RELEASE.jar:5.1.8.RELEASE]
	at org.springframework.beans.factory.annotation.InjectionMetadata.inject(InjectionMetadata.java:90) ~[spring-beans-5.1.8.RELEASE.jar:5.1.8.RELEASE]
	at org.springframework.beans.factory.annotation.AutowiredAnnotationBeanPostProcessor.postProcessProperties(AutowiredAnnotationBeanPostProcessor.java:374) ~[spring-beans-5.1.8.RELEASE.jar:5.1.8.RELEASE]
	at org.springframework.beans.factory.support.AbstractAutowireCapableBeanFactory.populateBean(AbstractAutowireCapableBeanFactory.java:1411) ~[spring-beans-5.1.8.RELEASE.jar:5.1.8.RELEASE]
	at org.springframework.beans.factory.support.AbstractAutowireCapableBeanFactory.doCreateBean(AbstractAutowireCapableBeanFactory.java:592) ~[spring-beans-5.1.8.RELEASE.jar:5.1.8.RELEASE]
	... 36 common frames omitted
Caused by: org.springframework.beans.BeanInstantiationException: Failed to instantiate [javax.sql.DataSource]: Factory method 'dataSource' threw exception; nested exception is java.lang.NullPointerException
	at org.springframework.beans.factory.support.SimpleInstantiationStrategy.instantiate(SimpleInstantiationStrategy.java:185) ~[spring-beans-5.1.8.RELEASE.jar:5.1.8.RELEASE]
	at org.springframework.beans.factory.support.ConstructorResolver.instantiate(ConstructorResolver.java:622) ~[spring-beans-5.1.8.RELEASE.jar:5.1.8.RELEASE]
	... 59 common frames omitted
Caused by: java.lang.NullPointerException: null
	at org.postgresql.PGProperty.get(PGProperty.java:490) ~[postgresql-42.2.5.jar:42.2.5]
	at org.postgresql.ds.common.BaseDataSource.setUrl(BaseDataSource.java:1113) ~[postgresql-42.2.5.jar:42.2.5]
	at io.uetunited.oneheed.config.DatabaseConfig.dataSource(DatabaseConfig.java:37) ~[classes/:na]
	at io.uetunited.oneheed.config.DatabaseConfig$$EnhancerBySpringCGLIB$$5088c7a3.CGLIB$dataSource$1(<generated>) ~[classes/:na]
	at io.uetunited.oneheed.config.DatabaseConfig$$EnhancerBySpringCGLIB$$5088c7a3$$FastClassBySpringCGLIB$$c703632c.invoke(<generated>) ~[classes/:na]
	at org.springframework.cglib.proxy.MethodProxy.invokeSuper(MethodProxy.java:244) ~[spring-core-5.1.8.RELEASE.jar:5.1.8.RELEASE]
	at org.springframework.context.annotation.ConfigurationClassEnhancer$BeanMethodInterceptor.intercept(ConfigurationClassEnhancer.java:363) ~[spring-context-5.1.8.RELEASE.jar:5.1.8.RELEASE]
	at io.uetunited.oneheed.config.DatabaseConfig$$EnhancerBySpringCGLIB$$5088c7a3.dataSource(<generated>) ~[classes/:na]
	at sun.reflect.NativeMethodAccessorImpl.invoke0(Native Method) ~[na:1.8.0_201]
	at sun.reflect.NativeMethodAccessorImpl.invoke(NativeMethodAccessorImpl.java:62) ~[na:1.8.0_201]
	at sun.reflect.DelegatingMethodAccessorImpl.invoke(DelegatingMethodAccessorImpl.java:43) ~[na:1.8.0_201]
	at java.lang.reflect.Method.invoke(Method.java:498) ~[na:1.8.0_201]
	at org.springframework.beans.factory.support.SimpleInstantiationStrategy.instantiate(SimpleInstantiationStrategy.java:154) ~[spring-beans-5.1.8.RELEASE.jar:5.1.8.RELEASE]
	... 60 common frames omitted

